<?xml version="1.0" encoding="UTF-8"?>
<testsuite name="com.memoizrlabs.ShankTest" tests="9" skipped="0" failures="0" errors="0" timestamp="2015-10-24T11:10:13" hostname="user-Aspire-5750G" time="0.069">
  <properties/>
  <testcase name="provide_whenObjectHasNamedFactory_providesRightObject" classname="com.memoizrlabs.ShankTest" time="0.008"/>
  <testcase name="provide_whenObjectHasFactory_providesPolymorphicObject" classname="com.memoizrlabs.ShankTest" time="0.001"/>
  <testcase name="withScope_returnsObjectForScope" classname="com.memoizrlabs.ShankTest" time="0.002"/>
  <testcase name="withScope_andWithClearObservable_whenCalledMultipleTimes_returnsDifferentObjectForScope" classname="com.memoizrlabs.ShankTest" time="0.049"/>
  <testcase name="clear_whenObjectIsRemoved_providesNewInstance" classname="com.memoizrlabs.ShankTest" time="0.0"/>
  <testcase name="provide_whenObjectHasFactory_and_provideIsCalledMultipleTimes_providesSameInstance" classname="com.memoizrlabs.ShankTest" time="0.001"/>
  <testcase name="provide_whenObjectHasFactory_providesRightObject" classname="com.memoizrlabs.ShankTest" time="0.001"/>
  <testcase name="provide_whenObjectHasNoFactory_throwsException" classname="com.memoizrlabs.ShankTest" time="0.001"/>
  <testcase name="withScope_whenCalledMultipleTimes_returnsSameObjectForScope" classname="com.memoizrlabs.ShankTest" time="0.001"/>
  <system-out><![CDATA[]]></system-out>
  <system-err><![CDATA[]]></system-err>
</testsuite>
